/var/spool/slurmd/job10249597/slurm_script: line 9: ./program: No such file or directory

Lmod is automatically replacing "intel/2020.1.217" with "gcc/9.3.0".


Due to MODULEPATH changes, the following have been reloaded:
  1) blis/0.8.1     2) flexiblas/3.0.4     3) openmpi/4.0.3

Ignoring pip: markers 'python_version < "3"' don't match your environment
Looking in links: /cvmfs/soft.computecanada.ca/custom/python/wheelhouse/gentoo/avx2, /cvmfs/soft.computecanada.ca/custom/python/wheelhouse/gentoo/generic, /cvmfs/soft.computecanada.ca/custom/python/wheelhouse/generic
Requirement already up-to-date: pip in /home/kyang/jupyter_py3/lib/python3.8/site-packages (22.1.2+computecanada)
ERROR: Error checking for conflicts.
Traceback (most recent call last):
  File "/home/kyang/jupyter_py3/lib/python3.8/site-packages/pip/_vendor/pkg_resources/__init__.py", line 3021, in _dep_map
    return self.__dep_map
  File "/home/kyang/jupyter_py3/lib/python3.8/site-packages/pip/_vendor/pkg_resources/__init__.py", line 2815, in __getattr__
    raise AttributeError(attr)
AttributeError: _DistInfoDistribution__dep_map

During handling of the above exception, another exception occurred:

Traceback (most recent call last):
  File "/home/kyang/jupyter_py3/lib/python3.8/site-packages/pip/_vendor/pkg_resources/__init__.py", line 3012, in _parsed_pkg_info
    return self._pkg_info
  File "/home/kyang/jupyter_py3/lib/python3.8/site-packages/pip/_vendor/pkg_resources/__init__.py", line 2815, in __getattr__
    raise AttributeError(attr)
AttributeError: _pkg_info

During handling of the above exception, another exception occurred:

Traceback (most recent call last):
  File "/home/kyang/jupyter_py3/lib/python3.8/site-packages/pip/_internal/commands/install.py", line 517, in _warn_about_conflicts
    package_set, _dep_info = check_install_conflicts(to_install)
  File "/home/kyang/jupyter_py3/lib/python3.8/site-packages/pip/_internal/operations/check.py", line 114, in check_install_conflicts
    package_set, _ = create_package_set_from_installed()
  File "/home/kyang/jupyter_py3/lib/python3.8/site-packages/pip/_internal/operations/check.py", line 53, in create_package_set_from_installed
    package_set[name] = PackageDetails(dist.version, dist.requires())
  File "/home/kyang/jupyter_py3/lib/python3.8/site-packages/pip/_vendor/pkg_resources/__init__.py", line 2736, in requires
    dm = self._dep_map
  File "/home/kyang/jupyter_py3/lib/python3.8/site-packages/pip/_vendor/pkg_resources/__init__.py", line 3023, in _dep_map
    self.__dep_map = self._compute_dependencies()
  File "/home/kyang/jupyter_py3/lib/python3.8/site-packages/pip/_vendor/pkg_resources/__init__.py", line 3032, in _compute_dependencies
    for req in self._parsed_pkg_info.get_all('Requires-Dist') or []:
  File "/home/kyang/jupyter_py3/lib/python3.8/site-packages/pip/_vendor/pkg_resources/__init__.py", line 3014, in _parsed_pkg_info
    metadata = self.get_metadata(self.PKG_INFO)
  File "/home/kyang/jupyter_py3/lib/python3.8/site-packages/pip/_vendor/pkg_resources/__init__.py", line 1420, in get_metadata
    value = self._get(path)
  File "/home/kyang/jupyter_py3/lib/python3.8/site-packages/pip/_vendor/pkg_resources/__init__.py", line 1616, in _get
    with open(path, 'rb') as stream:
FileNotFoundError: [Errno 2] No such file or directory: '/home/kyang/jupyter_py3/lib/python3.8/site-packages/numpy-1.23.0+computecanada.dist-info/METADATA'
Ignoring pip: markers 'python_version < "3"' don't match your environment
Looking in links: /cvmfs/soft.computecanada.ca/custom/python/wheelhouse/gentoo/avx2, /cvmfs/soft.computecanada.ca/custom/python/wheelhouse/gentoo/generic, /cvmfs/soft.computecanada.ca/custom/python/wheelhouse/generic
Requirement already satisfied: rpy2 in /home/kyang/jupyter_py3/lib/python3.8/site-packages (3.1.0+computecanada)
Requirement already satisfied: matplotlib in /home/kyang/jupyter_py3/lib/python3.8/site-packages (3.5.2+computecanada)
Requirement already satisfied: cupy in /home/kyang/jupyter_py3/lib/python3.8/site-packages (11.0.0+computecanada)
Requirement already satisfied: numpy in /home/kyang/jupyter_py3/lib/python3.8/site-packages (1.23.0+computecanada)
WARNING: No metadata found in /home/kyang/jupyter_py3/lib/python3.8/site-packages
ERROR: Could not install packages due to an EnvironmentError: [Errno 2] No such file or directory: '/home/kyang/jupyter_py3/lib/python3.8/site-packages/numpy-1.23.0+computecanada.dist-info/METADATA'

Wed Oct 12 12:41:30 2022       
+-----------------------------------------------------------------------------+
| NVIDIA-SMI 515.65.01    Driver Version: 515.65.01    CUDA Version: 11.7     |
|-------------------------------+----------------------+----------------------+
| GPU  Name        Persistence-M| Bus-Id        Disp.A | Volatile Uncorr. ECC |
| Fan  Temp  Perf  Pwr:Usage/Cap|         Memory-Usage | GPU-Util  Compute M. |
|                               |                      |               MIG M. |
|===============================+======================+======================|
|   0  NVIDIA A100-SXM...  Off  | 00000000:41:00.0 Off |                    0 |
| N/A   29C    P0    50W / 400W |      0MiB / 40960MiB |      0%      Default |
|                               |                      |             Disabled |
+-------------------------------+----------------------+----------------------+
                                                                               
+-----------------------------------------------------------------------------+
| Processes:                                                                  |
|  GPU   GI   CI        PID   Type   Process name                  GPU Memory |
|        ID   ID                                                   Usage      |
|=============================================================================|
|  No running processes found                                                 |
+-----------------------------------------------------------------------------+
Architecture:        x86_64
CPU op-mode(s):      32-bit, 64-bit
Byte Order:          Little Endian
Address sizes:       48 bits physical, 48 bits virtual
CPU(s):              48
On-line CPU(s) list: 0-47
Thread(s) per core:  1
Core(s) per socket:  24
Socket(s):           2
NUMA node(s):        8
Vendor ID:           AuthenticAMD
CPU family:          25
Model:               1
Model name:          AMD EPYC 7413 24-Core Processor
Stepping:            1
CPU MHz:             2644.916
BogoMIPS:            5289.83
Virtualization:      AMD-V
L1d cache:           32K
L1i cache:           32K
L2 cache:            512K
L3 cache:            32768K
NUMA node0 CPU(s):   0-5
NUMA node1 CPU(s):   6-11
NUMA node2 CPU(s):   12-17
NUMA node3 CPU(s):   18-23
NUMA node4 CPU(s):   24-29
NUMA node5 CPU(s):   30-35
NUMA node6 CPU(s):   36-41
NUMA node7 CPU(s):   42-47
Flags:               fpu vme de pse tsc msr pae mce cx8 apic sep mtrr pge mca cmov pat pse36 clflush mmx fxsr sse sse2 ht syscall nx mmxext fxsr_opt pdpe1gb rdtscp lm constant_tsc rep_good nopl nonstop_tsc cpuid extd_apicid aperfmperf pni pclmulqdq monitor ssse3 fma cx16 pcid sse4_1 sse4_2 movbe popcnt aes xsave avx f16c rdrand lahf_lm cmp_legacy svm extapic cr8_legacy abm sse4a misalignsse 3dnowprefetch osvw ibs skinit wdt tce topoext perfctr_core perfctr_nb bpext perfctr_llc mwaitx cpb cat_l3 cdp_l3 invpcid_single hw_pstate ssbd mba ibrs ibpb stibp vmmcall fsgsbase bmi1 avx2 smep bmi2 invpcid cqm rdt_a rdseed adx smap clflushopt clwb sha_ni xsaveopt xsavec xgetbv1 xsaves cqm_llc cqm_occup_llc cqm_mbm_total cqm_mbm_local clzero irperf xsaveerptr wbnoinvd amd_ppin arat npt lbrv svm_lock nrip_save tsc_scale vmcb_clean flushbyasid decodeassists pausefilter pfthreshold v_vmsave_vmload vgif v_spec_ctrl umip pku ospke vaes vpclmulqdq rdpid overflow_recov succor smca
This script gets the gradient evaluation times for AG and proximal gradient running on MCP-penalized logistic models.
The installed CuPy version is: 11.0.0
The CUDA device has compute capability of: 80
